03:36:26 **** Incremental Build of configuration Debug for project Aufgabenblock_1 ****
make all 
Building file: ../src/Fahrrad.cpp
Invoking: GCC C++ Compiler
g++ -std=c++17 -O0 -g3 -Wall -c -fmessage-length=0 -MMD -MP -MF"src/Fahrrad.d" -MT"src/Fahrrad.o" -o "src/Fahrrad.o" "../src/Fahrrad.cpp"
Finished building: ../src/Fahrrad.cpp
 
Building file: ../src/Fahrzeug.cpp
Invoking: GCC C++ Compiler
g++ -std=c++17 -O0 -g3 -Wall -c -fmessage-length=0 -MMD -MP -MF"src/Fahrzeug.d" -MT"src/Fahrzeug.o" -o "src/Fahrzeug.o" "../src/Fahrzeug.cpp"
Finished building: ../src/Fahrzeug.cpp
 
Building file: ../src/PKW.cpp
Invoking: GCC C++ Compiler
g++ -std=c++17 -O0 -g3 -Wall -c -fmessage-length=0 -MMD -MP -MF"src/PKW.d" -MT"src/PKW.o" -o "src/PKW.o" "../src/PKW.cpp"
Finished building: ../src/PKW.cpp
 
Building file: ../src/main.cpp
Invoking: GCC C++ Compiler
g++ -std=c++17 -O0 -g3 -Wall -c -fmessage-length=0 -MMD -MP -MF"src/main.d" -MT"src/main.o" -o "src/main.o" "../src/main.cpp"
Finished building: ../src/main.cpp
 
Building target: Aufgabenblock_1
Invoking: MacOS X C++ Linker
g++  -o "Aufgabenblock_1"  ./src/Fahrrad.o ./src/Fahrzeug.o ./src/PKW.o ./src/main.o   
Finished building target: Aufgabenblock_1
 

03:36:28 Build Finished. 0 errors, 0 warnings. (took 1s.163ms)

